<?xml version="1.0" encoding="utf-8"?>
<TestRun id="c2181bce-8dcd-4e79-87f6-5a378e15307b" name="@db649ec6a638 2025-07-13 14:52:33" xmlns="http://microsoft.com/schemas/VisualStudio/TeamTest/2010">
  <Times creation="2025-07-13T14:52:33.7782625+00:00" queuing="2025-07-13T14:52:33.7782626+00:00" start="2025-07-13T14:52:10.8001230+00:00" finish="2025-07-13T14:52:50.9569794+00:00" />
  <TestSettings name="default" id="123291d4-56a2-486f-a955-843a8dc25fb9">
    <Deployment runDeploymentRoot="_db649ec6a638_2025-07-13_14_52_33" />
  </TestSettings>
  <Results>
    <UnitTestResult executionId="7782da8a-811e-4bab-ace5-e7ef9ad94fd8" testId="23c24238-ee0c-74b9-ff59-7b99dfa0c17b" testName="FullChatFlowTest" computerName="db649ec6a638" duration="00:00:39.5688178" startTime="2025-07-13T14:52:11.2875205+00:00" endTime="2025-07-13T14:52:50.8775238+00:00" testType="13cdc9d9-ddb5-4fa4-a97d-d965ccfc6d4b" outcome="Passed" testListId="8c84fa94-04c1-424b-9868-57a2d4851a1d" relativeResultsDirectory="7782da8a-811e-4bab-ace5-e7ef9ad94fd8">
      <Output>
        <StdOut>Email entered and submit button clicked, waiting for password input to be visible.
Downloaded file saved to: example_20250713_145220.pdf
Message 1 sent: Hello, this is a test message number 1
Message 2 sent: Hello, this is a test message number 2
Message 3 sent: Hello, this is a test message number 3</StdOut>
      </Output>
    </UnitTestResult>
    <UnitTestResult executionId="682d8acc-e062-49ca-997b-0aed77f19870" testId="8b7de8ff-32ad-ded6-3f0c-ae2ca0b04a6a" testName="LoginToTeamsTest" computerName="db649ec6a638" duration="00:00:21.7234388" startTime="2025-07-13T14:52:11.2875053+00:00" endTime="2025-07-13T14:52:33.0361372+00:00" testType="13cdc9d9-ddb5-4fa4-a97d-d965ccfc6d4b" outcome="Passed" testListId="8c84fa94-04c1-424b-9868-57a2d4851a1d" relativeResultsDirectory="682d8acc-e062-49ca-997b-0aed77f19870">
      <Output>
        <StdOut>Email entered and submit button clicked, waiting for password input to be visible.
Starting login test...
Page title after login: 'Chat | Microsoft Teams'</StdOut>
      </Output>
    </UnitTestResult>
  </Results>
  <TestDefinitions>
    <UnitTest name="FullChatFlowTest" storage="/app/bin/debug/net8.0/playwrighttests.dll" id="23c24238-ee0c-74b9-ff59-7b99dfa0c17b">
      <Execution id="7782da8a-811e-4bab-ace5-e7ef9ad94fd8" />
      <TestMethod codeBase="/app/bin/Debug/net8.0/PlaywrightTests.dll" adapterTypeName="executor://mstestadapter/v2" className="TeamsTestProject.Tests.ChatTest" name="FullChatFlowTest" />
    </UnitTest>
    <UnitTest name="LoginToTeamsTest" storage="/app/bin/debug/net8.0/playwrighttests.dll" id="8b7de8ff-32ad-ded6-3f0c-ae2ca0b04a6a">
      <Execution id="682d8acc-e062-49ca-997b-0aed77f19870" />
      <TestMethod codeBase="/app/bin/Debug/net8.0/PlaywrightTests.dll" adapterTypeName="executor://mstestadapter/v2" className="TeamsTestProject.Tests.LoginTest" name="LoginToTeamsTest" />
    </UnitTest>
  </TestDefinitions>
  <TestEntries>
    <TestEntry testId="23c24238-ee0c-74b9-ff59-7b99dfa0c17b" executionId="7782da8a-811e-4bab-ace5-e7ef9ad94fd8" testListId="8c84fa94-04c1-424b-9868-57a2d4851a1d" />
    <TestEntry testId="8b7de8ff-32ad-ded6-3f0c-ae2ca0b04a6a" executionId="682d8acc-e062-49ca-997b-0aed77f19870" testListId="8c84fa94-04c1-424b-9868-57a2d4851a1d" />
  </TestEntries>
  <TestLists>
    <TestList name="Results Not in a List" id="8c84fa94-04c1-424b-9868-57a2d4851a1d" />
    <TestList name="All Loaded Results" id="19431567-8539-422a-85d7-44ee4e166bda" />
  </TestLists>
  <ResultSummary outcome="Completed">
    <Counters total="2" executed="2" passed="2" failed="0" error="0" timeout="0" aborted="0" inconclusive="0" passedButRunAborted="0" notRunnable="0" notExecuted="0" disconnected="0" warning="0" completed="0" inProgress="0" pending="0" />
    <Output>
      <StdOut>Test Parallelization enabled for /app/bin/Debug/net8.0/PlaywrightTests.dll (Workers: 8, Scope: MethodLevel)
</StdOut>
    </Output>
  </ResultSummary>
</TestRun>